3494000	/home
748626	/home/longyj
319962	/home/guopx
286978	/home/zhouxy
271691	/home/wangjf
253209	/home/zhangad
245514	/home/lizy
194728	/home/et22-pengyh
190166	/home/Dataset
125221	/home/cs22-liwy
122873	/home/liuwc
97925	/home/et21-haojx
90890	/home/weixj
86117	/home/hongly
75251	/home/chenzy
66633	/home/wangy
64292	/home/wangqs
42420	/home/duhf
37469	/home/haowl
37428	/home/liangyz
37061	/home/mengtf
34235	/home/jiangkx
32182	/home/et21-xinghz
18822	/home/caozh
9160	/home/et21-zhouzc
4792	/home/kangyl
219	/home/estar
147	/home/lijl
3	/home/root
1	/home/zengl
1	/home/xiongqy
1	/home/wangyk
1	/home/taow
1	/home/heyj
1	/home/et21-lijl
